mode: set
github.com/3ofcoins/shlike/helpers.go:6.32,8.74 1 1
github.com/3ofcoins/shlike/helpers.go:8.74,10.3 1 1
github.com/3ofcoins/shlike/helpers.go:10.4,12.3 1 1
github.com/3ofcoins/shlike/helpers.go:17.39,19.27 2 1
github.com/3ofcoins/shlike/helpers.go:22.2,22.33 1 1
github.com/3ofcoins/shlike/helpers.go:19.27,21.3 1 1
github.com/3ofcoins/shlike/lexer.go:50.54,52.2 1 1
github.com/3ofcoins/shlike/lexer.go:54.31,55.41 1 1
github.com/3ofcoins/shlike/lexer.go:58.2,58.14 1 1
github.com/3ofcoins/shlike/lexer.go:55.41,57.3 1 1
github.com/3ofcoins/shlike/lexer.go:61.34,63.2 1 1
github.com/3ofcoins/shlike/lexer.go:65.52,70.16 5 1
github.com/3ofcoins/shlike/lexer.go:73.2,73.25 1 1
github.com/3ofcoins/shlike/lexer.go:76.2,76.124 1 1
github.com/3ofcoins/shlike/lexer.go:70.16,72.3 1 1
github.com/3ofcoins/shlike/lexer.go:73.25,75.3 1 1
github.com/3ofcoins/shlike/lexer.go:79.56,81.2 1 0
github.com/3ofcoins/shlike/lexer.go:83.38,84.15 1 1
github.com/3ofcoins/shlike/lexer.go:87.2,87.31 1 1
github.com/3ofcoins/shlike/lexer.go:84.15,86.3 1 1
github.com/3ofcoins/shlike/lexer.go:90.27,91.21 1 1
github.com/3ofcoins/shlike/lexer.go:94.2,94.14 1 1
github.com/3ofcoins/shlike/lexer.go:91.21,93.3 1 1
github.com/3ofcoins/shlike/lexer.go:97.46,99.16 2 1
github.com/3ofcoins/shlike/lexer.go:103.2,103.12 1 1
github.com/3ofcoins/shlike/lexer.go:99.16,102.3 2 1
github.com/3ofcoins/shlike/lexer.go:103.12,105.3 1 1
github.com/3ofcoins/shlike/lexer.go:105.4,108.3 2 1
github.com/3ofcoins/shlike/lexer.go:111.27,113.29 2 1
github.com/3ofcoins/shlike/lexer.go:135.2,136.24 2 1
github.com/3ofcoins/shlike/lexer.go:113.29,114.31 1 1
github.com/3ofcoins/shlike/lexer.go:126.3,127.11 2 1
github.com/3ofcoins/shlike/lexer.go:114.31,115.22 1 1
github.com/3ofcoins/shlike/lexer.go:116.4,117.33 1 1
github.com/3ofcoins/shlike/lexer.go:118.4,119.36 1 1
github.com/3ofcoins/shlike/lexer.go:120.4,120.19 0 1
github.com/3ofcoins/shlike/lexer.go:123.5,125.4 1 1
github.com/3ofcoins/shlike/lexer.go:128.4,129.22 1 1
github.com/3ofcoins/shlike/lexer.go:129.22,133.4 3 1
github.com/3ofcoins/shlike/lexer.go:139.64,140.16 1 1
github.com/3ofcoins/shlike/lexer.go:144.2,144.12 1 1
github.com/3ofcoins/shlike/lexer.go:140.16,142.3 1 1
github.com/3ofcoins/shlike/lexer.go:145.2,146.18 1 1
github.com/3ofcoins/shlike/lexer.go:147.2,148.26 1 1
github.com/3ofcoins/shlike/lexer.go:149.2,150.14 1 1
github.com/3ofcoins/shlike/lexer.go:151.2,152.14 1 1
github.com/3ofcoins/shlike/lexer.go:153.2,154.93 1 0
github.com/3ofcoins/shlike/lexer.go:158.58,160.2 1 1
github.com/3ofcoins/shlike/lexer.go:162.59,164.2 1 1
github.com/3ofcoins/shlike/lexer.go:166.50,168.15 2 1
github.com/3ofcoins/shlike/lexer.go:171.2,171.18 1 1
github.com/3ofcoins/shlike/lexer.go:174.2,174.27 1 1
github.com/3ofcoins/shlike/lexer.go:177.2,177.44 1 1
github.com/3ofcoins/shlike/lexer.go:168.15,170.3 1 0
github.com/3ofcoins/shlike/lexer.go:171.18,173.3 1 0
github.com/3ofcoins/shlike/lexer.go:174.27,176.3 1 0
github.com/3ofcoins/shlike/lexer.go:180.33,183.2 2 1
github.com/3ofcoins/shlike/lexer.go:185.58,187.15 2 1
github.com/3ofcoins/shlike/lexer.go:190.2,190.13 1 1
github.com/3ofcoins/shlike/lexer.go:193.2,193.32 1 1
github.com/3ofcoins/shlike/lexer.go:196.2,197.17 2 1
github.com/3ofcoins/shlike/lexer.go:187.15,189.3 1 0
github.com/3ofcoins/shlike/lexer.go:190.13,192.3 1 0
github.com/3ofcoins/shlike/lexer.go:193.32,195.3 1 0
github.com/3ofcoins/shlike/lexer.go:200.46,201.26 1 1
github.com/3ofcoins/shlike/lexer.go:204.2,204.48 1 1
github.com/3ofcoins/shlike/lexer.go:201.26,203.3 1 1
github.com/3ofcoins/shlike/lexer.go:207.29,212.2 4 1
github.com/3ofcoins/shlike/lexer.go:214.24,215.33 1 0
github.com/3ofcoins/shlike/lexer.go:215.33,217.3 1 0
github.com/3ofcoins/shlike/lexer.go:220.25,222.2 1 0
github.com/3ofcoins/shlike/lexer.go:225.32,228.2 2 0
github.com/3ofcoins/shlike/lexer.go:231.23,234.2 2 1
github.com/3ofcoins/shlike/lexer.go:236.29,239.2 2 1
github.com/3ofcoins/shlike/lexer.go:247.48,248.67 1 1
github.com/3ofcoins/shlike/lexer.go:248.67,250.3 1 1
github.com/3ofcoins/shlike/lexer.go:250.4,254.3 3 1
github.com/3ofcoins/shlike/lexer.go:260.53,264.34 4 1
github.com/3ofcoins/shlike/lexer.go:264.34,268.3 3 1
github.com/3ofcoins/shlike/lexer.go:268.4,270.3 1 1
github.com/3ofcoins/shlike/lexer.go:273.27,275.2 1 1
github.com/3ofcoins/shlike/lexer_fn.go:10.33,11.36 1 1
github.com/3ofcoins/shlike/lexer_fn.go:15.2,15.19 1 1
github.com/3ofcoins/shlike/lexer_fn.go:11.36,14.3 2 0
github.com/3ofcoins/shlike/lexer_fn.go:18.35,20.24 2 1
github.com/3ofcoins/shlike/lexer_fn.go:34.2,34.20 1 1
github.com/3ofcoins/shlike/lexer_fn.go:21.2,23.14 2 1
github.com/3ofcoins/shlike/lexer_fn.go:24.2,25.13 1 1
github.com/3ofcoins/shlike/lexer_fn.go:31.2,32.17 1 1
github.com/3ofcoins/shlike/lexer_fn.go:25.13,28.4 1 1
github.com/3ofcoins/shlike/lexer_fn.go:28.5,30.4 1 1
github.com/3ofcoins/shlike/lexer_fn.go:39.36,40.39 1 1
github.com/3ofcoins/shlike/lexer_fn.go:44.2,45.20 2 1
github.com/3ofcoins/shlike/lexer_fn.go:40.39,43.3 2 0
github.com/3ofcoins/shlike/lexer_fn.go:50.38,51.53 1 1
github.com/3ofcoins/shlike/lexer_fn.go:51.53,54.3 2 1
github.com/3ofcoins/shlike/lexer_fn.go:54.4,57.3 2 1
github.com/3ofcoins/shlike/lexer_fn.go:60.37,61.32 1 1
github.com/3ofcoins/shlike/lexer_fn.go:69.2,71.20 3 1
github.com/3ofcoins/shlike/lexer_fn.go:61.32,67.3 4 1
github.com/3ofcoins/shlike/lexer_fn.go:76.43,78.16 2 1
github.com/3ofcoins/shlike/lexer_fn.go:82.2,82.16 1 1
github.com/3ofcoins/shlike/lexer_fn.go:87.2,87.20 1 1
github.com/3ofcoins/shlike/lexer_fn.go:78.16,81.3 2 0
github.com/3ofcoins/shlike/lexer_fn.go:82.16,84.3 1 1
github.com/3ofcoins/shlike/lexer_fn.go:84.4,86.3 1 1
github.com/3ofcoins/shlike/lexer_fn.go:93.30,95.12 2 1
github.com/3ofcoins/shlike/lexer_fn.go:100.2,100.29 1 1
github.com/3ofcoins/shlike/lexer_fn.go:104.2,105.20 2 1
github.com/3ofcoins/shlike/lexer_fn.go:95.12,97.3 1 1
github.com/3ofcoins/shlike/lexer_fn.go:97.4,99.3 1 1
github.com/3ofcoins/shlike/lexer_fn.go:100.29,103.3 2 0
github.com/3ofcoins/shlike/lexer_fn.go:108.34,110.12 2 1
github.com/3ofcoins/shlike/lexer_fn.go:110.12,112.12 1 1
github.com/3ofcoins/shlike/lexer_fn.go:113.3,114.23 1 1
github.com/3ofcoins/shlike/lexer_fn.go:115.3,116.31 1 1
github.com/3ofcoins/shlike/lexer_fn.go:117.3,118.25 1 1
github.com/3ofcoins/shlike/lexer_fn.go:119.3,121.14 2 1
github.com/3ofcoins/shlike/lexer_fn.go:122.3,123.18 1 1
github.com/3ofcoins/shlike/lexer_fn.go:125.4,127.12 1 1
github.com/3ofcoins/shlike/lexer_fn.go:128.3,129.23 1 1
github.com/3ofcoins/shlike/lexer_fn.go:130.3,131.23 1 1
github.com/3ofcoins/shlike/lexer_fn.go:132.3,133.21 1 1
github.com/3ofcoins/shlike/lexer_fn.go:134.3,135.31 1 1
github.com/3ofcoins/shlike/lexer_fn.go:136.3,137.26 1 1
github.com/3ofcoins/shlike/lexer_fn.go:138.3,139.25 1 1
github.com/3ofcoins/shlike/lexer_fn.go:140.3,141.17 1 1
github.com/3ofcoins/shlike/lexer_fn.go:142.3,143.26 1 1
github.com/3ofcoins/shlike/lexer_fn.go:143.26,145.5 1 1
github.com/3ofcoins/shlike/lexer_fn.go:145.6,147.5 1 1
github.com/3ofcoins/shlike/lexer_fn.go:154.35,155.38 1 1
github.com/3ofcoins/shlike/lexer_fn.go:159.2,159.19 1 1
github.com/3ofcoins/shlike/lexer_fn.go:155.38,158.3 2 1
github.com/3ofcoins/shlike/lexer_fn.go:165.33,169.58 4 1
github.com/3ofcoins/shlike/lexer_fn.go:180.2,180.20 1 1
github.com/3ofcoins/shlike/lexer_fn.go:169.58,172.38 3 1
github.com/3ofcoins/shlike/lexer_fn.go:178.3,178.14 1 1
github.com/3ofcoins/shlike/lexer_fn.go:173.3,174.28 1 1
github.com/3ofcoins/shlike/lexer_fn.go:175.3,176.26 1 1
github.com/3ofcoins/shlike/lexer_fn.go:183.29,186.2 2 1
github.com/3ofcoins/shlike/config.go:17.26,19.2 1 1
github.com/3ofcoins/shlike/config.go:26.34,29.32 2 1
github.com/3ofcoins/shlike/config.go:34.2,36.29 2 1
github.com/3ofcoins/shlike/config.go:39.2,39.35 1 1
github.com/3ofcoins/shlike/config.go:29.32,31.3 1 1
github.com/3ofcoins/shlike/config.go:36.29,38.3 1 1
github.com/3ofcoins/shlike/config.go:42.53,43.19 1 1
github.com/3ofcoins/shlike/config.go:46.2,46.28 1 1
github.com/3ofcoins/shlike/config.go:43.19,45.3 1 1
github.com/3ofcoins/shlike/config.go:49.56,51.2 1 1
github.com/3ofcoins/shlike/config.go:53.44,55.2 1 1
github.com/3ofcoins/shlike/config.go:57.37,59.2 1 1
github.com/3ofcoins/shlike/config.go:61.42,63.2 1 1
github.com/3ofcoins/shlike/config.go:65.48,67.2 1 1
github.com/3ofcoins/shlike/config.go:69.44,71.2 1 1
github.com/3ofcoins/shlike/config.go:73.42,75.16 2 1
github.com/3ofcoins/shlike/config.go:78.2,78.37 1 1
github.com/3ofcoins/shlike/config.go:75.16,77.3 1 1
